<?xml version="1.0" encoding="UTF-8"?>
<!-- Generated by org.testng.reporters.JUnitXMLReporter -->
<testsuite ignored="2" hostname="LIN30000707" failures="0" tests="4" name="Create customer API Test" time="4.953" errors="0" timestamp="2022-09-02T11:36:33 IST">
  <testcase classname="com.ApiAutomationFramework_TestCases.CreateCustomerTest" name="invalidCreateCustomreAPI" time="1.588"/>
  <testcase classname="com.ApiAutomationFramework_TestCases.CreateCustomerTest" name="validateCreateCustomreAPI" time="0.921"/>
  <testcase classname="com.ApiAutomationFramework_TestCases.CreateCustomerTest" name="validateCreateCustomreAPI" time="0.804"/>
  <testcase classname="com.ApiAutomationFramework_TestCases.DeleteCustomerTest" name="validateDeleteCustomreAPI" time="1.588"/>
  <testcase classname="com.ApiAutomationFramework_SetUp.BaseTest" name="@AfterSuite tearDown" time="0.0">
    <ignored/>
  </testcase> <!-- @AfterSuite tearDown -->
  <testcase classname="com.ApiAutomationFramework_SetUp.BaseTest" name="@BeforeSuite setUp" time="0.0">
    <ignored/>
  </testcase> <!-- @BeforeSuite setUp -->
</testsuite> <!-- Create customer API Test -->
