<?xml version="1.0" encoding="UTF-8"?>
<testng-results ignored="2" total="6" passed="4" failed="0" skipped="0">
  <reporter-output>
  </reporter-output>
  <suite started-at="2022-09-02T11:42:44 IST" name="Suite" finished-at="2022-09-02T11:42:49 IST" duration-ms="5195">
    <groups>
    </groups>
    <test started-at="2022-09-02T11:42:44 IST" name="Create customer API Test" finished-at="2022-09-02T11:42:49 IST" duration-ms="5195">
      <class name="com.ApiAutomationFramework_TestCases.DeleteCustomerTest">
        <test-method signature="validateDeleteCustomreAPI(java.lang.String,java.lang.String,java.lang.String)[pri:0, instance:com.ApiAutomationFramework_TestCases.DeleteCustomerTest@704b2127]" started-at="2022-09-02T11:42:48 IST" name="validateDeleteCustomreAPI" data-provider="data" finished-at="2022-09-02T11:42:49 IST" duration-ms="1579" status="PASS">
          <params>
            <param index="0">
              <value>
                <![CDATA[Dileep]]>
              </value>
            </param>
            <param index="1">
              <value>
                <![CDATA[dileep@gmail.com]]>
              </value>
            </param>
            <param index="2">
              <value>
                <![CDATA[This record is created from excel to delete]]>
              </value>
            </param>
          </params>
          <reporter-output>
          </reporter-output>
        </test-method> <!-- validateDeleteCustomreAPI -->
      </class> <!-- com.ApiAutomationFramework_TestCases.DeleteCustomerTest -->
      <class name="com.ApiAutomationFramework_TestCases.CreateCustomerTest">
        <test-method is-config="true" signature="setUp()[pri:0, instance:com.ApiAutomationFramework_TestCases.CreateCustomerTest@1c65121]" started-at="2022-09-02T11:42:44 IST" name="setUp" finished-at="2022-09-02T11:42:44 IST" duration-ms="385" status="PASS">
          <reporter-output>
          </reporter-output>
        </test-method> <!-- setUp -->
        <test-method signature="invalidCreateCustomreAPI(java.lang.String,java.lang.String,java.lang.String)[pri:0, instance:com.ApiAutomationFramework_TestCases.CreateCustomerTest@1c65121]" started-at="2022-09-02T11:42:44 IST" name="invalidCreateCustomreAPI" data-provider="data" finished-at="2022-09-02T11:42:46 IST" duration-ms="1910" status="PASS">
          <params>
            <param index="0">
              <value>
                <![CDATA[Chetan]]>
              </value>
            </param>
            <param index="1">
              <value>
                <![CDATA[chetan@gmail.com]]>
              </value>
            </param>
            <param index="2">
              <value>
                <![CDATA[ This is first record through excel data]]>
              </value>
            </param>
          </params>
          <reporter-output>
          </reporter-output>
        </test-method> <!-- invalidCreateCustomreAPI -->
        <test-method signature="validateCreateCustomreAPI(java.lang.String,java.lang.String,java.lang.String)[pri:0, instance:com.ApiAutomationFramework_TestCases.CreateCustomerTest@1c65121]" started-at="2022-09-02T11:42:46 IST" name="validateCreateCustomreAPI" data-provider="data" finished-at="2022-09-02T11:42:47 IST" duration-ms="826" status="PASS">
          <params>
            <param index="0">
              <value>
                <![CDATA[Sudhanshu]]>
              </value>
            </param>
            <param index="1">
              <value>
                <![CDATA[sudhanshu@gmail.com]]>
              </value>
            </param>
            <param index="2">
              <value>
                <![CDATA[ This is first record through excel data]]>
              </value>
            </param>
          </params>
          <reporter-output>
          </reporter-output>
        </test-method> <!-- validateCreateCustomreAPI -->
        <test-method signature="validateCreateCustomreAPI(java.lang.String,java.lang.String,java.lang.String)[pri:0, instance:com.ApiAutomationFramework_TestCases.CreateCustomerTest@1c65121]" started-at="2022-09-02T11:42:47 IST" name="validateCreateCustomreAPI" data-provider="data" finished-at="2022-09-02T11:42:48 IST" duration-ms="805" status="PASS">
          <params>
            <param index="0">
              <value>
                <![CDATA[Aman]]>
              </value>
            </param>
            <param index="1">
              <value>
                <![CDATA[aman@gmail.com]]>
              </value>
            </param>
            <param index="2">
              <value>
                <![CDATA[ This is second record through excel data]]>
              </value>
            </param>
          </params>
          <reporter-output>
          </reporter-output>
        </test-method> <!-- validateCreateCustomreAPI -->
        <test-method is-config="true" signature="tearDown()[pri:0, instance:com.ApiAutomationFramework_TestCases.CreateCustomerTest@1c65121]" started-at="2022-09-02T11:42:50 IST" name="tearDown" finished-at="2022-09-02T11:42:50 IST" duration-ms="0" status="PASS">
          <reporter-output>
          </reporter-output>
        </test-method> <!-- tearDown -->
      </class> <!-- com.ApiAutomationFramework_TestCases.CreateCustomerTest -->
    </test> <!-- Create customer API Test -->
  </suite> <!-- Suite -->
</testng-results>
