<?xml version="1.0" encoding="UTF-8"?>
<testsuite xmlns:xsi="http://www.w3.org/2001/XMLSchema-instance" xsi:noNamespaceSchemaLocation="https://maven.apache.org/surefire/maven-surefire-plugin/xsd/surefire-test-report-3.0.xsd" version="3.0" name="TestSuite" time="7.558" tests="4" errors="0" skipped="0" failures="0">
  <properties>
[...]
</properties>
  <testcase name="invalidCreateCustomreAPI[Chetan, chetan@gmail.com,  This is first record through excel data](1)" classname="com.ApiAutomationFramework_TestCases.CreateCustomerTest" time="1.917">
    <system-out><![CDATA[invalidCreateCustomreAPI
Chetan
Rows are : 2 Colums are :3
{
    "error": {
        "message": "Invalid API Key provided: sk_test_*************************************************************************************************i2aa",
        "type": "invalid_request_error"
    }
}
401
]]></system-out>
    <system-err><![CDATA[SLF4J: Failed to load class "org.slf4j.impl.StaticLoggerBinder".
SLF4J: Defaulting to no-operation (NOP) logger implementation
SLF4J: See http://www.slf4j.org/codes.html#StaticLoggerBinder for further details.
ERROR StatusLogger Log4j2 could not find a logging implementation. Please add log4j-core to the classpath. Using SimpleLogger to log to the console...
]]></system-err>
  </testcase>
  <testcase name="validateCreateCustomreAPI[Sudhanshu, sudhanshu@gmail.com,  This is first record through excel data](1)" classname="com.ApiAutomationFramework_TestCases.CreateCustomerTest" time="0.827">
    <system-out><![CDATA[validateCreateCustomreAPI
Sudhanshu
Rows are : 3 Colums are :3
{
    "id": "cus_MMBUNKL73UCLri",
    "object": "customer",
    "address": null,
    "balance": 0,
    "created": 1662099167,
    "currency": null,
    "default_source": null,
    "delinquent": false,
    "description": " This is first record through excel data",
    "discount": null,
    "email": "sudhanshu@gmail.com",
    "invoice_prefix": "8054B276",
    "invoice_settings": {
        "custom_fields": null,
        "default_payment_method": null,
        "footer": null,
        "rendering_options": null
    },
    "livemode": false,
    "metadata": {
        
    },
    "name": "Sudhanshu",
    "next_invoice_sequence": 1,
    "phone": null,
    "preferred_locales": [
        
    ],
    "shipping": null,
    "tax_exempt": "none",
    "test_clock": null
}
200
]]></system-out>
  </testcase>
  <testcase name="validateCreateCustomreAPI[Aman, aman@gmail.com,  This is second record through excel data](2)" classname="com.ApiAutomationFramework_TestCases.CreateCustomerTest" time="0.808">
    <system-out><![CDATA[{
    "id": "cus_MMBU0S40b5gs4F",
    "object": "customer",
    "address": null,
    "balance": 0,
    "created": 1662099168,
    "currency": null,
    "default_source": null,
    "delinquent": false,
    "description": " This is second record through excel data",
    "discount": null,
    "email": "aman@gmail.com",
    "invoice_prefix": "372844D7",
    "invoice_settings": {
        "custom_fields": null,
        "default_payment_method": null,
        "footer": null,
        "rendering_options": null
    },
    "livemode": false,
    "metadata": {
        
    },
    "name": "Aman",
    "next_invoice_sequence": 1,
    "phone": null,
    "preferred_locales": [
        
    ],
    "shipping": null,
    "tax_exempt": "none",
    "test_clock": null
}
200
]]></system-out>
  </testcase>
  <testcase name="validateDeleteCustomreAPI[Dileep, dileep@gmail.com, This record is created from excel to delete](1)" classname="com.ApiAutomationFramework_TestCases.DeleteCustomerTest" time="1.577">
    <system-out><![CDATA[validateDeleteCustomreAPI
Dileep
Rows are : 2 Colums are :3
{
    "id": "cus_MMBUr6VNBYIpo8",
    "object": "customer",
    "address": null,
    "balance": 0,
    "created": 1662099168,
    "currency": null,
    "default_source": null,
    "delinquent": false,
    "description": "This record is created from excel to delete",
    "discount": null,
    "email": "dileep@gmail.com",
    "invoice_prefix": "6566909B",
    "invoice_settings": {
        "custom_fields": null,
        "default_payment_method": null,
        "footer": null,
        "rendering_options": null
    },
    "livemode": false,
    "metadata": {
        
    },
    "name": "Dileep",
    "next_invoice_sequence": 1,
    "phone": null,
    "preferred_locales": [
        
    ],
    "shipping": null,
    "tax_exempt": "none",
    "test_clock": null
}
Value of created record id is cus_MMBUr6VNBYIpo8
{
    "id": "cus_MMBUr6VNBYIpo8",
    "object": "customer",
    "deleted": true
}
Value of deleted record id is cus_MMBUr6VNBYIpo8
]]></system-out>
  </testcase>
</testsuite>